<?xml version="1.0" encoding="UTF-8"?>
<testng-results skipped="0" failed="0" ignored="0" total="1" passed="1">
  <reporter-output>
  </reporter-output>
  <suite name="com.hochnt.core.test.RoleTest" duration-ms="33" started-at="2018-07-15T08:20:11Z" finished-at="2018-07-15T08:20:11Z">
    <groups>
    </groups>
    <test name="Command line test" duration-ms="33" started-at="2018-07-15T08:20:11Z" finished-at="2018-07-15T08:20:11Z">
      <class name="com.hochnt.core.test.RoleTest">
        <test-method status="PASS" signature="checkFindAll()[pri:0, instance:com.hochnt.core.test.RoleTest@511baa65]" name="checkFindAll" duration-ms="8" started-at="2018-07-15T08:20:11Z" finished-at="2018-07-15T08:20:11Z">
          <reporter-output>
          </reporter-output>
        </test-method> <!-- checkFindAll -->
      </class> <!-- com.hochnt.core.test.RoleTest -->
    </test> <!-- Command line test -->
  </suite> <!-- com.hochnt.core.test.RoleTest -->
</testng-results>
